#
# There is insufficient memory for the Java Runtime Environment to continue.
# Native memory allocation (malloc) failed to allocate 1048576 bytes for AllocateHeap
# Possible reasons:
#   The system is out of physical RAM or swap space
#   The process is running with CompressedOops enabled, and the Java Heap may be blocking the growth of the native heap
# Possible solutions:
#   Reduce memory load on the system
#   Increase physical memory or swap space
#   Check if swap backing store is full
#   Decrease Java heap size (-Xmx/-Xms)
#   Decrease number of Java threads
#   Decrease Java thread stack sizes (-Xss)
#   Set larger code cache with -XX:ReservedCodeCacheSize=
#   JVM is running with Unscaled Compressed Oops mode in which the Java heap is
#     placed in the first 4GB address space. The Java Heap base address is the
#     maximum limit for the native heap growth. Please use -XX:HeapBaseMinAddress
#     to set the Java Heap base and to place the Java Heap above 4GB virtual address.
# This output file may be truncated or incomplete.
#
#  Out of Memory Error (memory/allocation.inline.hpp:61), pid=29428, tid=0x00000000000068e0
#
# JRE version:  (8.0_202-b08) (build )
# Java VM: Java HotSpot(TM) 64-Bit Server VM (25.202-b08 mixed mode windows-amd64 compressed oops)
# Failed to write core dump. Minidumps are not enabled by default on client versions of Windows
#

---------------  T H R E A D  ---------------

Current thread (0x0000000002cae000):  JavaThread "Unknown thread" [_thread_in_vm, id=26848, stack(0x0000000002ae0000,0x0000000002be0000)]

Stack: [0x0000000002ae0000,0x0000000002be0000]
[error occurred during error reporting (printing stack bounds), id 0xc0000005]

Native frames: (J=compiled Java code, j=interpreted, Vv=VM code, C=native code)


---------------  P R O C E S S  ---------------

Java Threads: ( => current thread )

Other Threads:

=>0x0000000002cae000 (exited) JavaThread "Unknown thread" [_thread_in_vm, id=26848, stack(0x0000000002ae0000,0x0000000002be0000)]

VM state:not at safepoint (normal execution)

VM Mutex/Monitor currently owned by a thread: None

heap address: 0x0000000082e00000, size: 2002 MB, Compressed Oops mode: 32-bit
Narrow klass base: 0x0000000000000000, Narrow klass shift: 3
Compressed class space size: 1073741824 Address: 0x0000000100000000

Heap:
 PSYoungGen      total 37888K, used 655K [0x00000000d6500000, 0x00000000d8f00000, 0x0000000100000000)
  eden space 32768K, 2% used [0x00000000d6500000,0x00000000d65a3d80,0x00000000d8500000)
  from space 5120K, 0% used [0x00000000d8a00000,0x00000000d8a00000,0x00000000d8f00000)
  to   space 5120K, 0% used [0x00000000d8500000,0x00000000d8500000,0x00000000d8a00000)
 ParOldGen       total 86016K, used 0K [0x0000000082e00000, 0x0000000088200000, 0x00000000d6500000)
  object space 86016K, 0% used [0x0000000082e00000,0x0000000082e00000,0x0000000088200000)
 Metaspace       used 775K, capacity 4480K, committed 4480K, reserved 1056768K
  class space    used 76K, capacity 384K, committed 384K, reserved 1048576K

Card table byte_map: [0x0000000012170000,0x0000000012560000] byte_map_base: 0x0000000011d59000

Marking Bits: (ParMarkBitMap*) 0x00000000554b5ce0
 Begin Bits: [0x0000000013000000, 0x0000000014f48000)
 End Bits:   [0x0000000014f48000, 0x0000000016e90000)

Polling page: 0x0000000002ab0000

CodeCache: size=245760Kb used=328Kb max_used=328Kb free=245431Kb
 bounds [0x0000000002db0000, 0x0000000003020000, 0x0000000011db0000]
 total_blobs=58 nmethods=0 adapters=38
 compilation: enabled

Compilation events (0 events):
No events

GC Heap History (0 events):
No events

Deoptimization events (0 events):
No events

Classes redefined (0 events):
No events

Internal exceptions (0 events):
No events

Events (10 events):
Event: 0.021 loading class java/lang/Short
Event: 0.021 loading class java/lang/Short done
Event: 0.021 loading class java/lang/Integer
Event: 0.021 loading class java/lang/Integer done
Event: 0.021 loading class java/lang/Long
Event: 0.021 loading class java/lang/Long done
Event: 0.021 loading class java/lang/NullPointerException
Event: 0.021 loading class java/lang/NullPointerException done
Event: 0.021 loading class java/lang/ArithmeticException
Event: 0.021 loading class java/lang/ArithmeticException done


Dynamic libraries:
0x00007ff7dc740000 - 0x00007ff7dc777000 	C:\Program Files\Java\jdk1.8.0_202\jre\bin\javaw.exe
0x00007ffcdb4d0000 - 0x00007ffcdb6c5000 	C:\Windows\SYSTEM32\ntdll.dll
0x00007ffcdac80000 - 0x00007ffcdad3e000 	C:\Windows\System32\KERNEL32.DLL
0x00007ffcd8dd0000 - 0x00007ffcd9098000 	C:\Windows\System32\KERNELBASE.dll
0x00007ffcdb3e0000 - 0x00007ffcdb48c000 	C:\Windows\System32\ADVAPI32.dll
0x00007ffcdb1d0000 - 0x00007ffcdb26e000 	C:\Windows\System32\msvcrt.dll
0x00007ffcdadd0000 - 0x00007ffcdae6b000 	C:\Windows\System32\sechost.dll
0x00007ffcdb0a0000 - 0x00007ffcdb1ca000 	C:\Windows\System32\RPCRT4.dll
0x00007ffcdaef0000 - 0x00007ffcdb091000 	C:\Windows\System32\USER32.dll
0x00007ffcd90a0000 - 0x00007ffcd90c2000 	C:\Windows\System32\win32u.dll
0x00007ffcdb280000 - 0x00007ffcdb2ab000 	C:\Windows\System32\GDI32.dll
0x00007ffcd9170000 - 0x00007ffcd927d000 	C:\Windows\System32\gdi32full.dll
0x00007ffcd90d0000 - 0x00007ffcd916d000 	C:\Windows\System32\msvcp_win.dll
0x00007ffcd8cd0000 - 0x00007ffcd8dd0000 	C:\Windows\System32\ucrtbase.dll
0x00007ffcbd6a0000 - 0x00007ffcbd93a000 	C:\Windows\WinSxS\amd64_microsoft.windows.common-controls_6595b64144ccf1df_6.0.19041.1110_none_60b5254171f9507e\COMCTL32.dll
0x00007ffcda5f0000 - 0x00007ffcda620000 	C:\Windows\System32\IMM32.DLL
0x0000000055540000 - 0x0000000055612000 	C:\Program Files\Java\jdk1.8.0_202\jre\bin\msvcr100.dll
0x0000000054c90000 - 0x0000000055535000 	C:\Program Files\Java\jdk1.8.0_202\jre\bin\server\jvm.dll
0x00007ffcda6d0000 - 0x00007ffcda6d8000 	C:\Windows\System32\PSAPI.DLL
0x00007ffcad8d0000 - 0x00007ffcad8f7000 	C:\Windows\SYSTEM32\WINMM.dll
0x00007ffccc170000 - 0x00007ffccc17a000 	C:\Windows\SYSTEM32\VERSION.dll
0x00007ffca81a0000 - 0x00007ffca81a9000 	C:\Windows\SYSTEM32\WSOCK32.dll
0x00007ffcdad60000 - 0x00007ffcdadcb000 	C:\Windows\System32\WS2_32.dll
0x00007ffcce200000 - 0x00007ffcce20f000 	C:\Program Files\Java\jdk1.8.0_202\jre\bin\verify.dll
0x00007ffcb0a50000 - 0x00007ffcb0a79000 	C:\Program Files\Java\jdk1.8.0_202\jre\bin\java.dll
0x00007ffcb1ef0000 - 0x00007ffcb1f06000 	C:\Program Files\Java\jdk1.8.0_202\jre\bin\zip.dll

VM Arguments:
jvm_args: -Dfile.encoding=Cp1252 
java_command: managerBoundary.flightsStatus
java_class_path (initial): C:\Users\rani\eclipse-workspace\AL-HAIFA\bin;C:\Program Files\Java\json-simple-4.0.0\json-simple-4.0.0.jar;C:\Program Files\Java\json-simple-4.0.0\json-simple-4.0.0-javadoc.jar;C:\Program Files\Java\json-simple-4.0.0\json-simple-4.0.0-sources.jar;C:\Program Files\Java\UCanAccess-5.0.1.bin\UCanAccess-5.0.1.bin\lib\commons-lang3-3.8.1.jar;C:\Program Files\Java\UCanAccess-5.0.1.bin\UCanAccess-5.0.1.bin\lib\commons-logging-1.2.jar;C:\Program Files\Java\UCanAccess-5.0.1.bin\UCanAccess-5.0.1.bin\lib\hsqldb-2.5.0.jar;C:\Program Files\Java\UCanAccess-5.0.1.bin\UCanAccess-5.0.1.bin\lib\jackcess-4.0.1.jar;C:\Program Files\Java\UCanAccess-5.0.1.bin\UCanAccess-5.0.1.bin\lib\jcalendar-1.4.jar;C:\Program Files\Java\UCanAccess-5.0.1.bin\UCanAccess-5.0.1.bin\lib\ucanaccess-5.0.1.jar
Launcher Type: SUN_STANDARD

Environment Variables:
PATH=C:/Users/rani/OneDrive/שולחן העבודה/אוניברסיטת חיפה/שנה א/סמסטר ב/תכנות מונחה עצמים/eclipse//plugins/org.eclipse.justj.openjdk.hotspot.jre.full.win32.x86_64_15.0.1.v20201027-0507/jre/bin/server;C:/Users/rani/OneDrive/שולחן העבודה/אוניברסיטת חיפה/שנה א/סמסטר ב/תכנות מונחה עצמים/eclipse//plugins/org.eclipse.justj.openjdk.hotspot.jre.full.win32.x86_64_15.0.1.v20201027-0507/jre/bin;C:\Program Files (x86)\Common Files\Oracle\Java\javapath;C:\Program Files\Common Files\Oracle\Java\javapath;C:\Windows\system32;C:\Windows;C:\Windows\System32\Wbem;C:\Windows\System32\WindowsPowerShell\v1.0\;C:\Windows\System32\OpenSSH\;C:\Users\rani\AppData\Local\Microsoft\WindowsApps;;C:\Users\rani\OneDrive\שולחן העבודה;
USERNAME=rani
OS=Windows_NT
PROCESSOR_IDENTIFIER=Intel64 Family 6 Model 142 Stepping 12, GenuineIntel



---------------  S Y S T E M  ---------------

OS: Windows 10.0 , 64 bit Build 19041 (10.0.19041.1348)

CPU:total 8 (initial active 8) (4 cores per cpu, 2 threads per core) family 6 model 142 stepping 12, cmov, cx8, fxsr, mmx, sse, sse2, sse3, ssse3, sse4.1, sse4.2, popcnt, avx, avx2, aes, clmul, erms, 3dnowpref, lzcnt, ht, tsc, tscinvbit, bmi1, bmi2, adx

Memory: 4k page, physical 8193776k(699036k free), swap 33359600k(5512k free)

vm_info: Java HotSpot(TM) 64-Bit Server VM (25.202-b08) for windows-amd64 JRE (1.8.0_202-b08), built on Dec 15 2018 19:54:30 by "java_re" with MS VC++ 10.0 (VS2010)

time: Mon Feb 21 02:47:31 2022
timezone: Jerusalem Standard Time
elapsed time: 0 seconds (0d 0h 0m 0s)

